<?xml version="1.0" encoding="UTF-8"?>
<!-- Generated by org.testng.reporters.JUnitReportReporter -->
<testsuite hostname="DESKTOP-PP5L8QA" failures="0" tests="7" name="com.qa.testScript.TC_OrangeHrm_Recruitment_Search" time="2.046" errors="0" timestamp="2021-09-19T16:29:22 IST" skipped="0">
  <testcase classname="com.qa.testScript.TC_OrangeHrm_Recruitment_Search" name="candidateName_Search" time="0.007"/>
  <system-out/>
  <testcase classname="com.qa.testScript.TC_OrangeHrm_Recruitment_Search" name="hiringManager_Search" time="0.003"/>
  <system-out/>
  <testcase classname="com.qa.testScript.TC_OrangeHrm_Recruitment_Search" name="testDate" time="2.025"/>
  <system-out/>
  <testcase classname="com.qa.testScript.TC_OrangeHrm_Recruitment_Search" name="modeOfApp_Search" time="0.001"/>
  <system-out/>
  <testcase classname="com.qa.testScript.TC_OrangeHrm_Recruitment_Search" name="jobTitle_Search" time="0.003"/>
  <system-out/>
  <testcase classname="com.qa.testScript.TC_OrangeHrm_Recruitment_Search" name="status_Search" time="0.005"/>
  <system-out/>
  <testcase classname="com.qa.testScript.TC_OrangeHrm_Recruitment_Search" name="vacency_Search" time="0.002"/>
  <system-out/>
</testsuite> <!-- com.qa.testScript.TC_OrangeHrm_Recruitment_Search -->
