<?xml version="1.0" encoding="UTF-8"?>
<!-- Generated by org.testng.reporters.JUnitReportReporter -->
<testsuite hostname="DESKTOP-PP5L8QA" failures="0" tests="1" name="com.qa.testScript.TC_Orange_Hrm_Recruitment_Candidate_Delete" time="1.893" errors="0" timestamp="2021-09-19T16:29:22 IST" skipped="0">
  <testcase classname="com.qa.testScript.TC_Orange_Hrm_Recruitment_Candidate_Delete" name="deleteCustomers" time="1.893"/>
  <system-out/>
</testsuite> <!-- com.qa.testScript.TC_Orange_Hrm_Recruitment_Candidate_Delete -->
