<?xml version="1.0" encoding="UTF-8"?>
<!-- Generated by org.testng.reporters.JUnitReportReporter -->
<testsuite hostname="DESKTOP-PP5L8QA" failures="0" tests="2" name="com.qa.testScript.TC_OrangeHrm_Recruitment_Add_Customer" time="6.068" errors="0" timestamp="2021-09-19T16:29:22 IST" skipped="0">
  <testcase classname="com.qa.testScript.TC_OrangeHrm_Recruitment_Add_Customer" name="edit_customer" time="2.787"/>
  <system-out/>
  <testcase classname="com.qa.testScript.TC_OrangeHrm_Recruitment_Add_Customer" name="add_Customer" time="3.281"/>
  <system-out/>
</testsuite> <!-- com.qa.testScript.TC_OrangeHrm_Recruitment_Add_Customer -->
